<?xml version="1.0"?>
<!DOCTYPE coverage SYSTEM "http://cobertura.sourceforge.net/xml/coverage-04.dtd">
<coverage 
line-rate="1,00" lines-covered="12" lines-valid="12" branches-covered="0" branches-valid="0" branch-rate="1,00" complexity="0" version="1.0" timestamp="1508695306076">
    <sources>
        <source>--source</source>
        <source>C:/Users/maxim/Desktop/scala-train/src/main/scala</source>
    </sources>
    <packages>
        <package name="de.heikoseeberger.scalatrain" line-rate="1,00" branch-rate="1,00" complexity="0">
            <classes>
                <class 
                name="Train" filename="de/heikoseeberger/scalatrain/Train.scala" line-rate="1,00" branch-rate="1,00" complexity="0">
                    <methods>
                        <method name="de.heikoseeberger.scalatrain/Train/&lt;none&gt;" signature="()V" line-rate="1,00" branch-rate="1,00">
                            <lines>
                                <line number="9" hits="1" branch="false"/>
                                <line number="9" hits="1" branch="false"/>
                                <line number="9" hits="1" branch="false"/>
                                <line number="9" hits="1" branch="false"/>
                            </lines>
                        </method>
                    </methods>
                    <lines>
                        <line number="9" hits="1" branch="false"/>
                        <line number="9" hits="1" branch="false"/>
                        <line number="9" hits="1" branch="false"/>
                        <line number="9" hits="1" branch="false"/>
                    </lines>
</class>
                <class 
                name="Time" filename="de/heikoseeberger/scalatrain/Time.scala" line-rate="1,00" branch-rate="1,00" complexity="0">
                    <methods>
                        <method name="de.heikoseeberger.scalatrain/Time/fromMinutes" signature="()V" line-rate="1,00" branch-rate="1,00">
                            <lines>
                                <line number="18" hits="1" branch="false"/>
                                <line number="18" hits="1" branch="false"/>
                                <line number="18" hits="1" branch="false"/>
                            </lines>
                        </method>
                        <method name="de.heikoseeberger.scalatrain/Time/asMinutes" signature="()V" line-rate="1,00" branch-rate="1,00">
                            <lines>
                                <line number="9" hits="1" branch="false"/>
                                <line number="10" hits="1" branch="false"/>
                                <line number="10" hits="1" branch="false"/>
                                <line number="9" hits="1" branch="false"/>
                                <line number="9" hits="1" branch="false"/>
                            </lines>
                        </method>
                    </methods>
                    <lines>
                        <line number="18" hits="1" branch="false"/>
                        <line number="9" hits="1" branch="false"/>
                        <line number="10" hits="1" branch="false"/>
                        <line number="10" hits="1" branch="false"/>
                        <line number="18" hits="1" branch="false"/>
                        <line number="9" hits="1" branch="false"/>
                        <line number="9" hits="1" branch="false"/>
                        <line number="18" hits="1" branch="false"/>
                    </lines>
</class>
            </classes>
        </package>
    </packages>
</coverage>
